-1.73043 -1.73464
-1.56032 -1.56052
-1.81945 -1.82324
-1.98045 -1.98083
-1.91973 -1.91932
-1.88624 -1.88427
-1.91646 -1.91962
-1.89667 -1.89957
-1.9351 -1.93545
-1.98586 -1.98599
-2.02194 -2.02197
-1.91887 -1.91939
-1.53399 -1.53213
-1.90259 -1.90209
-1.869 -1.87117
-1.97074 -1.97046
-1.97192 -1.97232
-1.91016 -1.91097
-1.95565 -1.95611
-1.96008 -1.96179
-1.96019 -1.96059
-1.91699 -1.91882
-1.8867 -1.88747
-1.64881 -1.64717
-1.99451 -1.99442
-1.98905 -1.98914
-1.84397 -1.84532
-1.89949 -1.90072
-1.98091 -1.98094
-1.77521 -1.77662
-2.03414 -2.03423
-1.7121 -1.71089
-1.97516 -1.9758
-1.99808 -1.99877
-1.74257 -1.7468
-1.91254 -1.91311
-1.93759 -1.93812
-2.00303 -2.00301
-1.96463 -1.96472
-1.83521 -1.83502
-1.75742 -1.75744
-1.50257 -1.50009
-1.7768 -1.78099
-1.83476 -1.83746
-1.86455 -1.86608
-1.51739 -1.51544
-1.96981 -1.97066
-1.71774 -1.71813
-1.96547 -1.96585
-1.98679 -1.98714
-1.94262 -1.94328
-1.482 -1.48107
-2.00099 -2.0015
-1.86249 -1.86352
-1.81606 -1.81861
-1.92487 -1.92531
-1.6644 -1.66551
-1.67152 -1.66975
-1.61731 -1.61548
-1.93367 -1.93411
-1.94682 -1.94881
-1.94986 -1.9494
-1.80834 -1.81243
-1.88343 -1.88401
-1.92325 -1.92671
-1.89183 -1.89385
-1.83624 -1.83699
-1.64811 -1.65091
-1.88947 -1.88998
-1.98656 -1.98622
-1.95665 -1.95601
-1.76135 -1.76537
-1.73703 -1.7369
-2.02705 -2.02728
-1.87429 -1.87668
-1.8382 -1.83865
-1.97652 -1.9779
-1.79107 -1.79199
-1.8067 -1.80628
-1.55039 -1.54906
-1.94237 -1.94527
-1.95766 -1.95948
-1.83105 -1.83347
-1.95257 -1.95259
-1.85879 -1.86264
-1.68263 -1.6796
-1.93196 -1.93182
-1.90171 -1.90088
-1.9601 -1.96072
-2.00369 -2.00357
-1.68242 -1.68138
-1.89449 -1.89742
-1.52461 -1.52073
-1.93498 -1.93513
-1.45769 -1.45341
-1.89734 -1.89581
-1.506 -1.50656
-1.75514 -1.7552
-1.77122 -1.77742
-1.88037 -1.88002
-1.80849 -1.81136
-1.82564 -1.82958
-1.90405 -1.90448
-1.9519 -1.95036
-2.01674 -2.0169
-1.99955 -1.99983
-1.86609 -1.8646
-1.94665 -1.94711
-1.82762 -1.82618
-1.9364 -1.93713
-1.99388 -1.99502
-1.96934 -1.96963
-1.97369 -1.97366
-1.958 -1.95835
-1.87941 -1.87759
-1.95192 -1.95388
-1.96679 -1.9649
-1.95884 -1.9593
-1.913 -1.9149
-1.98468 -1.98455
-2.01063 -2.01099
-1.9758 -1.9785
-2.02909 -2.02866
-2.08713 -2.08704
-1.95542 -1.95539
-1.96745 -1.96579
-1.91719 -1.914
-1.96633 -1.96625
-2.01744 -2.01782
-1.97081 -1.97113
-1.99937 -1.99995
-2.11967 -2.12
-1.94942 -1.95087
-2.09868 -2.09906
-2.0536 -2.05307
-0.199567 -0.202987
-1.95946 -1.96022
-1.91675 -1.91916
-2.05589 -2.05614
-2.10327 -2.10338
-1.96253 -1.9631
-1.99841 -1.99889
-1.94627 -1.94611
-1.9999 -1.99805
-2.09282 -2.09315
-1.95688 -1.95689
-1.92094 -1.92304
-1.85162 -1.85607
-1.98983 -1.99122
-1.97148 -1.97088
-1.93086 -1.92971
-1.92702 -1.92925
-2.00305 -2.00316
-2.01778 -2.01766
-1.56951 -1.56878
-1.98837 -1.98853
-1.7212 -1.72007
-2.01506 -2.01581
-2.04481 -2.04495
-1.93764 -1.93831
-1.99129 -1.99101
-2.01329 -2.01099
-1.71598 -1.72322
-2.02349 -2.02474
-1.98288 -1.98383
-2.03672 -2.0372
-2.07355 -2.07385
-1.91216 -1.91193
-2.0148 -2.01375
-1.94706 -1.94756
-2.03345 -2.03362
-1.84097 -1.84292
-1.88862 -1.88899
-1.41617 -1.41729
-1.98049 -1.98355
-1.85818 -1.85469
-1.97355 -1.97289
-1.88764 -1.89126
-2.05439 -2.05444
-2.00144 -2.00098
-1.31312 -1.31216
-2.01099 -2.01138
-1.94808 -1.94964
-1.69464 -1.69284
-1.98493 -1.98498
-1.73768 -1.73605
-2.026 -2.02629
-1.94775 -1.94837
-1.98835 -1.98842
-1.77856 -1.779
-2.08171 -2.08195
-1.72429 -1.72318
-1.40462 -1.3896
-2.02135 -2.021
-0.206871 -0.211437
-1.95802 -1.95786
-2.00576 -2.00559
-1.96678 -1.96314
-1.88856 -1.89042
-1.98888 -1.98998
-1.92743 -1.92642
-1.87946 -1.88199
-1.99899 -1.99854
-1.82719 -1.82665
-1.72007 -1.72139
-1.95685 -1.95616
-1.82298 -1.82559
-2.02471 -2.02499
-1.81123 -1.812
-1.88094 -1.8778
-2.02743 -2.0275
-1.99279 -1.99369
-2.06936 -2.06982
-1.98309 -1.98236
-1.98982 -1.98882
-1.98648 -1.9883
-2.01448 -2.01142
-1.93046 -1.93231
-1.89043 -1.8868
-1.81935 -1.81784
-1.92691 -1.92606
-2.02852 -2.02858
-1.84196 -1.84239
-2.00256 -2.00322
-1.94783 -1.94714
-1.96906 -1.96972
-1.89009 -1.89273
-2.01529 -2.01488
-1.98587 -1.98681
-2.03291 -2.03336
-1.96079 -1.95919
-1.91689 -1.91815
-0.0599448 -0.0575613
-2.02445 -2.02374
-1.97897 -1.98109
-1.93768 -1.93905
-2.00063 -2.00088
-2.008 -2.0069
-2.0224 -2.02467
-1.96233 -1.96052
-1.96765 -1.96804
-1.97134 -1.97014
-1.89641 -1.89663
-2.00714 -2.00667
-2.01565 -2.01642
-0.0581997 -0.0585863
-2.05355 -2.05388
-1.9653 -1.96234
-2.11055 -2.11114
-1.87414 -1.87349
-2.00008 -1.99986
-1.98027 -1.98018
-1.53712 -1.53858
-1.82819 -1.8285
-1.8861 -1.88812
-1.70311 -1.70581
-1.9492 -1.9486
-1.96026 -1.96098
-1.86836 -1.86527
-1.9067 -1.90462
-1.71212 -1.71054
-1.95611 -1.95654
-1.96586 -1.96244
-2.02681 -2.02669
-1.98162 -1.98328
-1.88697 -1.88858
-1.89451 -1.8968
-1.89037 -1.89159
-1.9465 -1.94624
-2.00468 -2.0047
-1.99398 -1.99078
-1.93126 -1.93334
-1.87721 -1.87503
-1.84941 -1.85089
-2.00003 -1.99851
-2.03063 -2.03102
-1.98602 -1.9879
-1.94343 -1.94423
-1.13347 -1.13171
-1.95273 -1.95023
-1.97912 -1.97842
-1.94322 -1.94275
-1.84456 -1.84757
-1.989 -1.98946
-2.02463 -2.024
-1.9844 -1.98484
-2.0733 -2.07389
-2.08492 -2.0859
-1.84697 -1.8469
-1.88839 -1.88845
-2.0537 -2.05457
-1.7277 -1.7264
-1.97236 -1.97134
-2.01181 -2.00956
-1.94563 -1.94776
-1.88344 -1.88043
-1.9843 -1.98491
-2.05129 -2.05204
-1.99368 -1.99473
-2.01111 -2.01067
-1.97972 -1.97971
-1.93874 -1.94053
-1.98239 -1.98202
-1.97735 -1.97797
-1.97549 -1.97618
-1.99217 -1.99338
-2.02762 -2.02764
-1.90811 -1.91111
-2.06809 -2.06811
-2.10256 -2.10244
-1.99752 -1.99945
-1.99804 -1.99772
-1.98771 -1.98358
-2.06238 -2.06371
-1.90039 -1.90083
-2.02193 -2.02227
-2.06607 -2.06668
-2.04179 -2.04264
-1.11405 -1.11459
-2.05413 -2.05457
-1.90927 -1.91056
-1.93623 -1.93407
-2.00559 -2.00655
-0.672578 -0.671653
-2.00077 -2.00106
-2.00011 -2.00053
-2.02177 -2.02007
-1.81657 -1.81533
-1.9095 -1.91146
-2.01931 -2.01927
-1.69847 -1.69735
-2.01323 -2.01094
-1.98096 -1.98094
-1.9549 -1.95543
-2.03532 -2.03561
-1.90301 -1.90399
-2.00238 -2.00015
-1.92412 -1.9247
-1.9132 -1.91371
-1.84031 -1.83452
-1.97328 -1.97357
-2.08535 -2.0856
-1.90454 -1.90614
-1.09333 -1.09484
-1.94704 -1.94621
-2.07667 -2.07674
-1.93982 -1.93945
-2.02105 -2.01896
-2.02896 -2.02974
-2.00044 -2.00112
-2.01609 -2.01772
-1.94357 -1.94298
-2.01775 -2.01533
-1.88923 -1.89017
-1.97546 -1.97478
-1.99958 -2.00106
-1.89023 -1.88907
-2.02066 -2.02057
-1.72939 -1.73154
-1.95272 -1.95407
-1.96926 -1.96915
-1.94236 -1.94275
-1.96733 -1.96863
-1.95051 -1.95026
-1.99924 -1.99974
-2.01201 -2.01146
-1.99196 -1.99156
-1.88582 -1.8886
-1.93294 -1.93101
-1.87969 -1.87753
-1.99375 -1.99301
-1.98623 -1.98643
-1.91648 -1.91699
-1.96077 -1.96096
-1.5239 -1.52465
-2.02113 -2.02096
-1.92196 -1.92328
-1.46386 -1.46449
-1.95637 -1.95678
-1.84032 -1.8394
-1.93095 -1.92876
-1.95257 -1.95364
-1.99337 -1.99288
-1.9185 -1.91834
-1.66115 -1.66158
-1.99361 -1.99293
-1.95109 -1.95185
-1.99402 -1.99343
-1.33984 -1.34005
-2.0017 -2.00105
-1.94682 -1.94734
-1.99766 -1.99582
-1.92957 -1.93275
-1.68531 -1.68398
-1.96597 -1.96612
-2.07678 -2.07766
-2.01133 -2.00912
-1.97621 -1.97608
-2.03749 -2.03804
-2.02027 -2.0216
-2.09248 -2.09268
-1.96664 -1.96437
-1.95804 -1.95738
-1.56997 -1.57307
-1.99623 -1.99708
-1.99109 -1.99261
-1.85446 -1.85276
-1.9144 -1.91419
-2.00354 -2.00353
-1.99254 -1.99003
-1.90375 -1.90289
-2.01376 -2.01275
-2.02621 -2.02476
-1.97427 -1.97402
-2.0824 -2.08288
-2.01288 -2.01048
-0.649735 -0.647532
-1.78543 -1.78722
-2.07703 -2.07729
-0.0497956 -0.0524771
-2.01889 -2.01978
-1.84917 -1.84799
-1.99252 -1.99208
-2.00572 -2.00597
-1.88391 -1.88731
-2.12459 -2.125
-1.93088 -1.9296
-2.05113 -2.05168
-1.97258 -1.97281
-2.03814 -2.03821
-1.98859 -1.98911
-1.98912 -1.98935
-2.06048 -2.06062
-1.78554 -1.78645
-1.99731 -1.99769
-2.01993 -2.0199
-2.03603 -2.03593
-1.99046 -1.98856
-1.84771 -1.84396
-2.00787 -2.0066
-1.98278 -1.98445
-2.02064 -2.02064
-1.92819 -1.92648
-1.89314 -1.89014
-1.98747 -1.98594
-1.99537 -1.99621
-2.07177 -2.07133
-1.95836 -1.95875
-1.36527 -1.36706
-2.01916 -2.01851
-2.03423 -2.03509
-1.93116 -1.93207
-1.98018 -1.98098
-1.96401 -1.96229
-2.0779 -2.07797
-2.08696 -2.08694
-1.48747 -1.49152
-1.95371 -1.95344
-1.86059 -1.86061
-1.69899 -1.69665
-2.00482 -2.00705
-2.00797 -2.0066
-1.86913 -1.87268
-1.99391 -1.9956
-2.00014 -1.99926
-1.77231 -1.77387
-1.71421 -1.71665
-1.93122 -1.92958
-1.85139 -1.85852
-1.15975 -1.15853
-2.01593 -2.01611
-1.83804 -1.83956
-2.02891 -2.0287
-1.96883 -1.96951
-2.08302 -2.08303
-1.92077 -1.92063
-2.00381 -2.0037
-1.98353 -1.98291
-1.99203 -1.99206
-1.93825 -1.9404
-2.06016 -2.06006
-2.04574 -2.04794
-1.8674 -1.86839
-1.98837 -1.98791
-1.88229 -1.88257
-1.95254 -1.95128
-1.95146 -1.95251
-1.9485 -1.94856
-0.776354 -0.778318
-1.92935 -1.93006
-1.97754 -1.97698
-1.83935 -1.83954
-1.98618 -1.98408
-1.97582 -1.97528
-1.95054 -1.95175
-1.97183 -1.97215
-1.93436 -1.93388
-2.0313 -2.03175
-0.685489 -0.68551
-2.07147 -2.07163
-1.99798 -1.99732
-1.86289 -1.86282
-2.00657 -2.00488
-1.70782 -1.70568
-1.94538 -1.94764
-1.92946 -1.93076
-2.00933 -2.00765
-1.9183 -1.91742
-1.41414 -1.41303
-2.01142 -2.01151
-1.93545 -1.93627
-1.86432 -1.86591
-1.47693 -1.47878
-2.0975 -2.09866
-1.77544 -1.77883
-2.00744 -2.0063
-1.98954 -1.99019
-1.89899 -1.91022
-1.97425 -1.97411
-1.81488 -1.81347
-2.06681 -2.06686
-2.0095 -2.00904
-2.0124 -2.01192
-1.90718 -1.90953
-1.90266 -1.90339
-1.84675 -1.84681
-1.29045 -1.28821
-1.82907 -1.83195
-1.71105 -1.71038
-1.9645 -1.96539
-1.98928 -1.98902
-1.93699 -1.94159
-2.00442 -2.00322
-2.01097 -2.01015
-1.69739 -1.6984
-1.89429 -1.89419
-1.9976 -1.99776
-2.08179 -2.08189
-1.74476 -1.74592
-1.99942 -2.00084
-1.89635 -1.89782
-2.01711 -2.01803
-1.98342 -1.985
-2.01941 -2.01979
-2.01779 -2.01849
-2.05255 -2.05267
-2.02096 -2.02028
-2.04654 -2.04491
-1.99965 -1.9996
-2.12977 -2.13017
-1.46587 -1.46792
-1.99153 -1.99246
-1.52845 -1.52731
-2.0082 -2.00798
-1.95394 -1.95225
-2.04358 -2.04373
-1.77913 -1.78011
-1.79708 -1.79736
-1.32497 -1.32733
-1.944 -1.94255
-1.63516 -1.63381
-1.98792 -1.98859
-1.96239 -1.96338
-2.11138 -2.1116
-1.91456 -1.91663
-1.9908 -1.99054
-0.650828 -0.651924
-2.01601 -2.01203
-1.97401 -1.97495
-1.92564 -1.92734
-1.94919 -1.94763
-1.9668 -1.9617
-1.35828 -1.35815
-2.04136 -2.04081
-2.00597 -2.00829
-1.99955 -1.99972
-1.81493 -1.81495
-2.03774 -2.03784
-1.88234 -1.87885
-2.12979 -2.13023
-0.176426 -0.178431
-1.99508 -1.99543
-1.99325 -1.99
-1.9427 -1.94358
-1.87225 -1.8747
-1.8765 -1.87608
-1.92488 -1.92597
-1.70633 -1.70984
-2.11169 -2.11207
-2.00599 -2.00577
-0.754153 -0.754023
-2.03446 -2.03378
-2.02624 -2.02721
-1.90544 -1.90766
-1.89999 -1.89932
-2.11803 -2.11843
-1.86205 -1.86389
-1.9947 -1.99321
-1.95482 -1.95694
-0.640636 -0.64863
-1.93187 -1.93185
-2.00844 -2.00739
-1.99567 -1.99547
-2.03527 -2.03551
-1.92296 -1.92413
-1.99628 -1.99705
-2.03115 -2.03123
-2.00722 -2.00822
-2.02146 -2.02195
-1.9514 -1.95111
-1.44986 -1.44875
-1.97922 -1.97867
-1.75674 -1.75713
-1.98556 -1.98562
-2.00232 -2.00319
-2.01362 -2.01462
-2.01088 -2.01028
-1.84334 -1.84411
-1.98382 -1.98294
-2.02469 -2.02443
-2.02589 -2.02648
-1.57431 -1.57367
-1.9839 -1.98221
-2.11045 -2.11107
-2.07103 -2.07226
-2.01287 -2.01098
-1.88561 -1.88732
-1.88226 -1.88256
-1.99568 -1.99515
-1.96476 -1.9656
-2.02759 -2.02665
-1.98416 -1.98416
-2.00685 -2.00639
-2.01626 -2.01693
-1.97116 -1.97034
-1.92057 -1.92118
-0.0427141 -0.0520712
-2.02273 -2.02394
-1.81357 -1.81396
-1.8937 -1.89349
-1.93008 -1.93056
-2.01007 -2.00969
-1.87625 -1.87489
-1.99731 -1.99808
-1.94651 -1.94663
-1.9175 -1.91907
-2.00724 -2.00676
-1.96534 -1.96544
-1.92838 -1.92816
-1.83292 -1.83295
-1.9992 -1.99538
-1.96928 -1.96821
-1.99993 -1.99982
-2.05968 -2.05976
-1.96492 -1.9646
-1.97658 -1.97775
-1.97436 -1.97584
-1.94418 -1.9432
-1.94611 -1.94808
-1.88064 -1.87862
-1.98071 -1.98103
-1.82019 -1.82042
-2.10679 -2.10767
-1.94757 -1.94691
-2.08699 -2.08694
-2.03254 -2.03341
-2.0309 -2.03111
-1.93427 -1.93477
-1.9508 -1.95332
-1.96719 -1.96451
-2.02567 -2.0257
-1.93775 -1.93987
-1.96116 -1.96619
-2.12472 -2.12508
-2.08915 -2.08985
-1.70253 -1.70235
-1.95712 -1.95802
-1.8475 -1.84879
-1.75059 -1.74834
-1.98985 -1.99058
-1.71561 -1.72029
-2.03234 -2.03172
-1.99685 -1.99709
-1.9638 -1.96546
-1.98117 -1.98328
-1.92164 -1.91764
-2.00182 -2.00301
-2.03345 -2.03359
-1.84406 -1.84415
-1.71629 -1.71741
-1.9344 -1.93569
-2.03593 -2.03464
-1.94795 -1.94833
-2.07187 -2.07183
-1.82434 -1.82693
-1.97488 -1.97548
-2.01501 -2.01443
-1.91673 -1.91873
-1.66357 -1.66354
-1.93458 -1.93486
-1.94542 -1.94686
-2.03752 -2.03764
-1.78228 -1.78518
-2.1246 -2.12482
-2.0443 -2.04489
-1.99022 -1.99041
-1.45547 -1.4584
-2.09815 -2.09824
-1.99839 -1.9995
-1.99713 -1.99692
-2.01585 -2.01532
-1.76112 -1.7609
-1.99854 -1.99908
-1.98579 -1.98731
-1.88454 -1.88402
-2.01016 -2.00992
-1.44011 -1.44253
-1.945 -1.94663
-1.95852 -1.95814
-2.00751 -2.007
-2.00717 -2.00668
-1.987 -1.98731
-1.99047 -1.99124
-2.01683 -2.01636
-1.98559 -1.985
-1.9628 -1.96092
-2.00012 -2.00015
-2.01824 -2.01745
-1.9473 -1.94209
-2.02876 -2.02853
-1.69351 -1.69327
-2.00194 -2.00263
-1.94065 -1.94055
-1.94422 -1.94326
-2.01158 -2.01316
-1.94558 -1.94658
-1.89347 -1.89361
-1.84588 -1.84229
-1.77802 -1.77714
-1.99784 -1.99721
-1.80518 -1.80565
-2.00271 -2.00066
-1.97864 -1.98033
-1.90159 -1.90257
-1.9489 -1.95011
-1.93792 -1.93745
-2.02261 -2.02241
-1.9406 -1.93996
-2.03326 -2.0337
-1.99947 -1.99923
-1.96044 -1.96338
-1.81172 -1.80972
-2.09821 -2.0982
-1.93348 -1.9324
-1.85691 -1.86021
-2.01939 -2.01886
-1.81468 -1.81606
-1.92168 -1.92266
-1.96209 -1.96329
-2.01819 -2.01761
-2.03447 -2.03415
-1.98307 -1.98372
-1.97859 -1.97752
-1.97778 -1.97797
-1.99894 -1.99843
-1.97005 -1.97081
-1.96533 -1.96572
-1.70827 -1.71103
-1.96645 -1.96514
-2.00268 -2.00308
-1.45975 -1.46574
-1.9407 -1.94205
-1.89807 -1.89691
-1.99354 -1.99411
-0.114994 -0.117045
-1.94434 -1.94664
-1.17675 -1.17613
-1.88129 -1.88169
-1.96652 -1.96571
-1.49234 -1.49453
-2.01988 -2.01929
-1.86159 -1.85994
-1.93851 -1.94424
-2.015 -2.01524
-2.03165 -2.03159
-1.88857 -1.88934
-1.96232 -1.96345
-1.95729 -1.95736
-1.91849 -1.918
-1.99355 -1.98969
-1.94938 -1.95262
-1.72957 -1.72907
-1.86517 -1.85994
-1.97485 -1.97663
-1.98826 -1.98927
-1.97057 -1.96606
-1.94783 -1.95037
-1.86846 -1.87083
-1.71435 -1.7137
-1.94551 -1.94531
-1.92695 -1.92644
-1.99558 -1.99428
-1.92611 -1.92582
-2.02476 -2.02536
-1.95965 -1.96183
-1.9679 -1.96779
-1.34028 -1.33881
-1.47865 -1.47607
-1.85343 -1.8511
-1.63986 -1.63908
-1.98833 -1.98757
-2.02786 -2.02798
-2.046 -2.04587
-1.98524 -1.98557
-1.88941 -1.88999
-1.95288 -1.94988
-1.98673 -1.98869
-1.97228 -1.9722
-2.0059 -2.00599
-2.11099 -2.11141
-2.03157 -2.03131
-1.9979 -1.99824
-1.92233 -1.92515
-1.90889 -1.90892
-1.91658 -1.91796
-2.00205 -2.00097
-1.6195 -1.61993
-1.94771 -1.94904
-1.98707 -1.98733
-1.99516 -1.99343
-1.85711 -1.85549
-1.84524 -1.84559
-2.07812 -2.07821
-1.95099 -1.95184
-2.02886 -2.02966
-1.49456 -1.49442
-1.96099 -1.96061
-1.98448 -1.98448
-2.02312 -2.02329
-1.96787 -1.96909
-1.93884 -1.93891
-1.89202 -1.89277
-2.02123 -2.02107
-1.94475 -1.9445
-1.89686 -1.89871
-1.70098 -1.70246
-1.99075 -1.99325
-1.88342 -1.88454
-1.91049 -1.91049
-1.81674 -1.81877
-2.00363 -2.00487
-1.94779 -1.94826
-0.718983 -0.714402
-1.95697 -1.95668
-1.9755 -1.97462
-1.95558 -1.95336
-1.95424 -1.95412
-2.02805 -2.02846
-1.20012 -1.19124
-1.96406 -1.96526
-2.02899 -2.03025
-2.02994 -2.02939
-1.92883 -1.93031
-1.95418 -1.95411
-1.89207 -1.89027
-2.00104 -2.00128
-1.99294 -1.99291
-1.98989 -1.99121
-1.88846 -1.88913
-1.93424 -1.93588
-2.02706 -2.02746
-2.02118 -2.0213
-2.02499 -2.02443
-2.01109 -2.00786
-1.48908 -1.4897
-1.99153 -1.99257
-2.03352 -2.03363
-1.88721 -1.88969
-1.89822 -1.8949
-1.97182 -1.96919
-1.68669 -1.68702
-1.93297 -1.93318
-1.98625 -1.9862
-2.00198 -2.00123
-1.97787 -1.97733
-2.02129 -2.01982
-1.61638 -1.61515
-1.96572 -1.96431
-2.0919 -2.09229
-2.01983 -2.01947
-1.73952 -1.73949
-1.90099 -1.90201
-2.06674 -2.06666
-2.01374 -2.01401
-2.10478 -2.10538
-1.96025 -1.96128
-1.85206 -1.85568
-2.02365 -2.02244
-2.01709 -2.01544
-2.08243 -2.08252
-1.94951 -1.95029
-2.0033 -2.00358
-1.91359 -1.91385
-2.01273 -2.0123
-1.93566 -1.93584
-2.01315 -2.01029
-2.03456 -2.03503
-1.94736 -1.95191
-1.98956 -1.99018
-1.91637 -1.91606
-1.74522 -1.74518
-1.834 -1.83551
-2.0347 -2.03439
-1.92694 -1.92814
-1.72723 -1.72709
-1.96708 -1.9624
-1.54091 -1.54055
-1.9722 -1.97061
-1.16774 -1.17255
-1.94884 -1.95045
-2.01603 -2.01599
-1.96747 -1.96713
-1.99091 -1.99172
-1.81891 -1.81604
-1.7457 -1.74798
-1.93646 -1.93875
-2.02814 -2.02868
-1.80595 -1.80587
-2.03584 -2.03559
-1.86257 -1.8619
-2.12432 -2.12456
-1.93738 -1.9327
-1.32157 -1.32482
-2.02981 -2.0291
-1.99011 -1.99063
-1.32603 -1.32159
-2.03291 -2.03254
-1.86355 -1.86598
-1.99308 -1.99355
-1.9938 -1.99467
-1.9913 -1.99142
-1.66661 -1.66075
-1.94841 -1.95069
-1.94884 -1.95048
-1.98027 -1.98187
-2.00631 -2.00669
-1.84795 -1.84541
-1.97244 -1.97159
-2.03135 -2.03012
-2.07308 -2.07365
-2.03225 -2.03052
-2.01617 -2.01551
-1.95779 -1.95877
-2.03641 -2.03749
-2.03271 -2.03279
-1.98195 -1.98123
-2.03918 -2.03955
-2.00456 -2.00489
-1.905 -1.90608
-1.98805 -1.98698
-1.98758 -1.98756
-1.91579 -1.91517
-1.95227 -1.95262
-1.99572 -1.99623
-1.95569 -1.95598
-2.12961 -2.13005
-1.48 -1.48873
-2.02905 -2.02778
-1.97886 -1.97392
-1.87188 -1.86898
-2.01144 -2.01052
-1.83808 -1.83994
-2.04469 -2.04488
-1.93656 -1.93702
-2.0302 -2.03126
-0.249256 -0.253988
-1.10759 -1.11393
-1.97448 -1.97512
-1.90479 -1.91396
-1.8339 -1.83333
-2.01514 -2.01592
-1.88109 -1.88183
-1.50696 -1.50227
-2.00012 -2.00059
-2.00884 -2.00819
-1.88735 -1.88812
-1.95017 -1.95065
-1.9613 -1.96089
-1.97487 -1.97637
-1.6608 -1.66413
-2.01367 -2.01371
-1.45876 -1.45733
-2.0864 -2.08685
-2.08552 -2.08551
-1.60426 -1.60351
-1.10819 -1.10904
-1.97157 -1.97235
-1.94263 -1.94253
-1.91243 -1.91264
-1.85968 -1.85839
-1.96297 -1.96153
-2.0276 -2.02766
-2.04417 -2.04427
-1.56752 -1.56673
-1.98847 -1.98522
-1.90895 -1.90686
-1.83453 -1.8366
-2.02857 -2.02814
-1.71865 -1.72084
-2.01445 -2.01552
-2.08892 -2.08946
-1.85856 -1.85821
-1.46531 -1.46397
-2.02502 -2.02471
-2.03308 -2.03279
-1.93942 -1.93823
-1.92816 -1.93045
-1.92464 -1.92454
-1.99384 -1.99238
-1.9829 -1.98304
-2.01063 -2.00963
-1.93284 -1.933
-1.74463 -1.7437
-2.03208 -2.03218
-1.93437 -1.93459
-2.11853 -2.11894
-1.9806 -1.98095
-2.01706 -2.01647
-1.93273 -1.93254
-1.90623 -1.90783
-1.98008 -1.98062
-1.97447 -1.97633
-2.03042 -2.03016
-1.93862 -1.93866
-2.02256 -2.02117
-1.12104 -1.12107
-1.98892 -1.99086
-2.06301 -2.06386
-1.83255 -1.83135
-1.41858 -1.41993
-1.97289 -1.97278
-1.93303 -1.93477
-1.92325 -1.9228
-2.05958 -2.05963
-2.00384 -2.00387
-1.88064 -1.8835
-1.41739 -1.41692
-1.69224 -1.69406
-1.91234 -1.90738
-2.00421 -2.00423
-0.10355 -0.105847
-2.00791 -2.0082
-1.98584 -1.98518
-1.80415 -1.80402
-1.93298 -1.93567
-1.99226 -1.99374
-1.94624 -1.94537
-2.00805 -2.00696
-1.98317 -1.97915
-1.92854 -1.92831
-2.01773 -2.01745
-1.95243 -1.95464
-1.81362 -1.8141
-1.9445 -1.94517
-2.01695 -2.01734
-1.86672 -1.86942
-1.90806 -1.90852
-1.97593 -1.97562
-2.00743 -2.00817
-2.03756 -2.03749
-2.02921 -2.0286
-1.93509 -1.93476
-1.98276 -1.98435
-2.02207 -2.02175
-2.00287 -2.00386
-1.9346 -1.93438
-1.8524 -1.84992
-1.93251 -1.93187
-2.0295 -2.03027
-2.00008 -2.00048
-2.00608 -2.00574
-1.93575 -1.93838
-1.95394 -1.95349
-1.84928 -1.85042
-2.01192 -2.01168
-2.02354 -2.02333
-1.96596 -1.96542
-1.98098 -1.98136
-1.98177 -1.98182
-1.9899 -1.98587
-1.97238 -1.9726
-1.92097 -1.92102
-2.00215 -2.00302
-1.92735 -1.9267
-0.63677 -0.636065
-2.02151 -2.0205
-1.96218 -1.96104
-2.00347 -2.00335
-2.03734 -2.03729
-2.03358 -2.03303
-1.91669 -1.91797
-2.02122 -2.01935
-1.93144 -1.93197
-1.94247 -1.93972
-1.98725 -1.98639
-1.84498 -1.8433
-1.97521 -1.97585
-1.93423 -1.93387
-1.97934 -1.97941
-1.57445 -1.57641
-1.97079 -1.9693
-1.9784 -1.97841
-2.05022 -2.05073
-1.98031 -1.98055
-1.7774 -1.77865
-1.99754 -1.99526
-2.00439 -2.00442
-1.99676 -1.99633
-1.94968 -1.94965
-2.02145 -2.02046
-1.96117 -1.96139
-1.67477 -1.6739
-1.95691 -1.95702
-2.04574 -2.04786
-1.61369 -1.61437
-0.753253 -0.754997
-1.98686 -1.98586
-1.99966 -1.99736
-1.99088 -1.99179
-1.94225 -1.94273
-1.90742 -1.90704
-2.00348 -2.00271
-2.03096 -2.0309
-1.867 -1.86911
-2.06542 -2.06547
-2.01601 -2.0158
-1.98511 -1.98511
-2.00675 -2.0075
-1.79572 -1.7995
-1.87983 -1.88214
-1.90355 -1.9032
-1.97564 -1.97544
-1.94152 -1.94282
-2.00665 -2.00785
-1.936 -1.93633
-1.97057 -1.9699
-1.96844 -1.97008
-2.13 -2.13046
-1.97507 -1.97595
-1.89294 -1.89217
-1.90135 -1.89968
-1.32859 -1.32831
-1.96067 -1.95995
-1.96636 -1.96505
-1.96999 -1.96791
-1.50175 -1.50058
-1.52782 -1.5316
-2.11714 -2.11723
-1.99776 -1.9978
-1.93575 -1.93724
-1.65188 -1.65116
-2.03533 -2.03558
-2.0004 -2.00051
-2.06478 -2.06421
-2.0427 -2.04276
-1.89998 -1.89626
-1.88892 -1.8882
-1.98006 -1.9785
-1.9074 -1.90884
-2.03339 -2.0329
-1.8827 -1.88361
-2.00997 -2.01166
-2.04616 -2.04641
-2.04616 -2.04641
-2.03506 -2.03421
-2.03155 -2.03068
-2.04151 -2.04185
-2.03507 -2.03451
-2.02992 -2.02945
-2.04151 -2.04159
-2.04151 -2.04142
-2.04151 -2.04166
-2.04151 -2.04184
-2.01502 -2.01279
-2.03664 -2.03806
-2.03903 -2.03956
-2.04151 -2.04184
-1.95078 -1.95012
-2.0882 -2.08703
-1.98999 -1.98953
-2.01381 -2.01133
-2.05038 -2.05072
-2.04286 -2.04319
-1.96162 -1.96265
-1.96997 -1.96986
-1.94794 -1.94801
-1.9808 -1.97696
-2.0629 -2.06105
-2.02575 -2.02466
-2.01359 -2.01427
-2.02877 -2.02739
-1.96148 -1.9603
-1.98156 -1.98073
-1.99948 -1.99914
-2.02273 -2.0206
-1.99641 -1.99245
-1.98106 -1.9822
-2.03489 -2.03333
-2.0312 -2.03028
-2.00411 -2.00369
-1.97849 -1.9784
-2.01723 -2.0169
-1.96469 -1.96033
-1.98935 -1.9886
-1.98759 -1.98427
-1.99159 -1.99092
-1.97252 -1.96941
-2.03462 -2.03468
-1.95603 -1.95609
-1.97376 -1.97386
-1.95924 -1.95415
-2.0278 -2.02819
-1.99252 -1.9921
-1.97991 -1.97865
-2.0981 -2.09666
-1.96576 -1.96463
-1.95898 -1.95684
-1.95889 -1.95867
-1.972 -1.97046
-2.00686 -2.00769
-1.98124 -1.98178
-1.99194 -1.98738
-1.96369 -1.96079
-2.01647 -2.01484
-1.95529 -1.95429
-1.97819 -1.97953
-1.96702 -1.96558
-1.95391 -1.94924
-1.97464 -1.97057
-2.02633 -2.02592
-1.92937 -1.92729
-2.02924 -2.02894
-2.0105 -2.00943
-2.00487 -2.00544
-1.93896 -1.93269
-2.03203 -2.03056
-2.03765 -2.03691
-2.0099 -2.01116
-1.96258 -1.95503
-1.96681 -1.96614
-2.04566 -2.04528
-2.0467 -2.04575
-1.99274 -1.99233
-2.0293 -2.02947
-2.02659 -2.02508
-1.95503 -1.95046
-2.084 -2.08299
-2.0175 -2.01708
-2.01849 -2.01749
-2.08819 -2.08637
-2.00491 -2.00292
-1.99593 -1.99641
-2.00817 -2.00745
-2.04222 -2.04168
-2.02836 -2.0283
-1.93663 -1.93059
-2.0077 -2.0058
-1.94118 -1.94178
-1.97345 -1.9738
-2.01283 -2.01023
-2.01665 -2.01741
-1.97687 -1.97608
-2.0093 -2.0098
-2.01487 -2.01445
-1.98327 -1.98323
-1.96673 -1.96757
-1.94526 -1.93675
-1.96154 -1.9598
-2.0199 -2.01922
-2.08809 -2.08723
-1.94266 -1.93689
-1.97141 -1.97251
-2.01186 -2.00993
-2.08797 -2.08652
-1.94407 -1.94234
-1.97452 -1.97426
-2.0857 -2.08342
-1.97857 -1.9777
-2.01871 -2.01478
-2.01792 -2.01747
-1.97872 -1.97468
-1.95875 -1.9586
-1.97918 -1.97965
-1.99765 -1.9964
-1.94246 -1.94134
-2.10675 -2.10427
-2.03056 -2.03045
-1.98808 -1.98797
-1.97344 -1.97382
-2.00204 -2.00086
-2.02002 -2.02061
-2.01324 -2.01201
-2.00832 -2.00759
-2.10646 -2.10423
-1.98971 -1.99021
-2.00673 -2.00729
-1.99483 -1.99371
-1.97291 -1.97276
-2.11422 -2.11225
-2.00742 -2.00576
-1.98151 -1.9784
-2.00021 -1.99855
-1.9882 -1.98817
-1.95981 -1.95956
-2.03725 -2.03657
-1.9818 -1.98134
-1.99021 -1.98991
-2.00505 -2.00453
-2.07017 -2.06802
-1.92903 -1.92781
-1.99497 -1.99366
-1.97766 -1.97685
-1.99454 -1.99294
-1.97022 -1.97014
-2.02273 -2.02018
-1.9907 -1.98957
-1.9558 -1.94897
-1.96918 -1.96714
-2.09773 -2.09651
-2.01795 -2.01821
-1.97902 -1.98006
-2.04602 -2.04471
-1.9644 -1.96048
-2.01835 -2.01777
-2.08859 -2.08682
-2.0158 -2.01391
-2.05111 -2.05136
-1.99759 -1.99418
-1.98344 -1.98147
-2.11419 -2.11186
-1.95375 -1.95218
-2.01151 -2.00928
-2.04557 -2.04574
-1.93648 -1.93506
-1.95748 -1.95414
-1.98011 -1.97963
-2.02599 -2.02495
-1.97395 -1.97577
-1.97505 -1.97364
-2.04905 -2.04906
-1.99398 -1.99388
-2.00209 -2.00218
-1.94661 -1.94567
-2.03763 -2.03808
-2.03158 -2.02953
-1.99175 -1.99052
-2.08703 -2.0859
-2.04583 -2.04553
-1.13421 -1.12856
-2.10582 -2.10364
-1.50179 -1.50629
-2.10374 -2.10059
-2.09669 -2.09727
-1.83589 -1.84174
-1.99024 -1.98638
-1.92784 -1.91727
-0.642188 -0.644443
-2.09593 -2.09637
-2.14122 -2.14153
-2.10254 -2.0998
-2.09872 -2.0991
-2.09872 -2.0991
-1.85852 -1.85176
-1.66995 -1.67902
-1.76645 -1.7724
